# JRE version: OpenJDK Runtime Environment (17.0.6) (build 17.0.6+0-b2043.56-9586694)
# Java VM: OpenJDK 64-Bit Server VM (17.0.6+0-b2043.56-9586694, mixed mode, tiered, compressed oops, compressed class ptrs, g1 gc, windows-amd64)
GC Precious Log:
 CPUs: 8 total, 8 available
 Memory: 14273M
 Large Page Support: Disabled
 NUMA Support: Disabled
 Compressed Oops: Enabled (32-bit)
 Heap Region Size: 1M
 Heap Min Capacity: 8M
 Heap Initial Capacity: 224M
 Heap Max Capacity: 2G
 Pre-touch: Disabled
 Parallel Workers: 8
 Concurrent Workers: 2
 Concurrent Refinement Workers: 8
 Periodic GC: Disabled
Heap:
 garbage-first heap   total 437248K, used 284356K [0x0000000080000000, 0x0000000100000000)
  region size 1024K, 41 young (41984K), 5 survivors (5120K)
 Metaspace       used 130197K, committed 131136K, reserved 1163264K
  class space    used 16777K, committed 17216K, reserved 1048576K
GC Heap History (20 events):
Event: 47.261 GC heap before
{Heap before GC invocations=67 (full 0):
 garbage-first heap   total 362496K, used 304164K [0x0000000080000000, 0x0000000100000000)
  region size 1024K, 105 young (107520K), 1 survivors (1024K)
 Metaspace       used 115080K, committed 115904K, reserved 1155072K
  class space    used 15285K, committed 15680K, reserved 1048576K
}
Event: 47.267 GC heap after
{Heap after GC invocations=68 (full 0):
 garbage-first heap   total 362496K, used 196966K [0x0000000080000000, 0x0000000100000000)
  region size 1024K, 2 young (2048K), 2 survivors (2048K)
 Metaspace       used 115080K, committed 115904K, reserved 1155072K
  class space    used 15285K, committed 15680K, reserved 1048576K
}
Event: 151.034 GC heap before
{Heap before GC invocations=69 (full 0):
 garbage-first heap   total 362496K, used 309606K [0x0000000080000000, 0x0000000100000000)
  region size 1024K, 113 young (115712K), 2 survivors (2048K)
 Metaspace       used 121141K, committed 122112K, reserved 1155072K
  class space    used 15904K, committed 16384K, reserved 1048576K
}
Event: 151.048 GC heap after
{Heap after GC invocations=70 (full 0):
 garbage-first heap   total 362496K, used 200570K [0x0000000080000000, 0x0000000100000000)
  region size 1024K, 6 young (6144K), 6 survivors (6144K)
 Metaspace       used 121141K, committed 122112K, reserved 1155072K
  class space    used 15904K, committed 16384K, reserved 1048576K
}
Event: 151.415 GC heap before
{Heap before GC invocations=70 (full 0):
 garbage-first heap   total 362496K, used 210810K [0x0000000080000000, 0x0000000100000000)
  region size 1024K, 17 young (17408K), 6 survivors (6144K)
 Metaspace       used 121346K, committed 122240K, reserved 1155072K
  class space    used 15925K, committed 16384K, reserved 1048576K
}
Event: 151.427 GC heap after
{Heap after GC invocations=71 (full 0):
 garbage-first heap   total 362496K, used 199551K [0x0000000080000000, 0x0000000100000000)
  region size 1024K, 2 young (2048K), 2 survivors (2048K)
 Metaspace       used 121346K, committed 122240K, reserved 1155072K
  class space    used 15925K, committed 16384K, reserved 1048576K
}
Event: 158.697 GC heap before
{Heap before GC invocations=71 (full 0):
 garbage-first heap   total 362496K, used 307071K [0x0000000080000000, 0x0000000100000000)
  region size 1024K, 108 young (110592K), 2 survivors (2048K)
 Metaspace       used 124032K, committed 124992K, reserved 1163264K
  class space    used 16296K, committed 16768K, reserved 1048576K
}
Event: 158.718 GC heap after
{Heap after GC invocations=72 (full 0):
 garbage-first heap   total 362496K, used 212108K [0x0000000080000000, 0x0000000100000000)
  region size 1024K, 14 young (14336K), 14 survivors (14336K)
 Metaspace       used 124032K, committed 124992K, reserved 1163264K
  class space    used 16296K, committed 16768K, reserved 1048576K
}
Event: 160.649 GC heap before
{Heap before GC invocations=72 (full 0):
 garbage-first heap   total 362496K, used 236684K [0x0000000080000000, 0x0000000100000000)
  region size 1024K, 40 young (40960K), 14 survivors (14336K)
 Metaspace       used 124293K, committed 125248K, reserved 1163264K
  class space    used 16296K, committed 16768K, reserved 1048576K
}
Event: 160.671 GC heap after
{Heap after GC invocations=73 (full 0):
 garbage-first heap   total 362496K, used 221412K [0x0000000080000000, 0x0000000100000000)
  region size 1024K, 10 young (10240K), 10 survivors (10240K)
 Metaspace       used 124293K, committed 125248K, reserved 1163264K
  class space    used 16296K, committed 16768K, reserved 1048576K
}
Event: 164.655 GC heap before
{Heap before GC invocations=74 (full 0):
 garbage-first heap   total 388096K, used 312548K [0x0000000080000000, 0x0000000100000000)
  region size 1024K, 89 young (91136K), 10 survivors (10240K)
 Metaspace       used 125581K, committed 126528K, reserved 1163264K
  class space    used 16420K, committed 16896K, reserved 1048576K
}
Event: 164.675 GC heap after
{Heap after GC invocations=75 (full 0):
 garbage-first heap   total 388096K, used 238094K [0x0000000080000000, 0x0000000100000000)
  region size 1024K, 12 young (12288K), 12 survivors (12288K)
 Metaspace       used 125581K, committed 126528K, reserved 1163264K
  class space    used 16420K, committed 16896K, reserved 1048576K
}
Event: 164.755 GC heap before
{Heap before GC invocations=75 (full 0):
 garbage-first heap   total 388096K, used 244238K [0x0000000080000000, 0x0000000100000000)
  region size 1024K, 18 young (18432K), 12 survivors (12288K)
 Metaspace       used 125583K, committed 126528K, reserved 1163264K
  class space    used 16420K, committed 16896K, reserved 1048576K
}
Event: 164.770 GC heap after
{Heap after GC invocations=76 (full 0):
 garbage-first heap   total 388096K, used 237665K [0x0000000080000000, 0x0000000100000000)
  region size 1024K, 2 young (2048K), 2 survivors (2048K)
 Metaspace       used 125583K, committed 126528K, reserved 1163264K
  class space    used 16420K, committed 16896K, reserved 1048576K
}
Event: 165.587 GC heap before
{Heap before GC invocations=76 (full 0):
 garbage-first heap   total 388096K, used 286817K [0x0000000080000000, 0x0000000100000000)
  region size 1024K, 51 young (52224K), 2 survivors (2048K)
 Metaspace       used 125607K, committed 126528K, reserved 1163264K
  class space    used 16423K, committed 16896K, reserved 1048576K
}
Event: 165.597 GC heap after
{Heap after GC invocations=77 (full 0):
 garbage-first heap   total 388096K, used 241480K [0x0000000080000000, 0x0000000100000000)
  region size 1024K, 6 young (6144K), 6 survivors (6144K)
 Metaspace       used 125607K, committed 126528K, reserved 1163264K
  class space    used 16423K, committed 16896K, reserved 1048576K
}
Event: 167.425 GC heap before
{Heap before GC invocations=78 (full 0):
 garbage-first heap   total 437248K, used 335688K [0x0000000080000000, 0x0000000100000000)
  region size 1024K, 82 young (83968K), 6 survivors (6144K)
 Metaspace       used 129738K, committed 130752K, reserved 1163264K
  class space    used 16746K, committed 17216K, reserved 1048576K
}
Event: 167.446 GC heap after
{Heap after GC invocations=79 (full 0):
 garbage-first heap   total 437248K, used 246630K [0x0000000080000000, 0x0000000100000000)
  region size 1024K, 11 young (11264K), 11 survivors (11264K)
 Metaspace       used 129738K, committed 130752K, reserved 1163264K
  class space    used 16746K, committed 17216K, reserved 1048576K
}
Event: 167.531 GC heap before
{Heap before GC invocations=79 (full 0):
 garbage-first heap   total 437248K, used 256870K [0x0000000080000000, 0x0000000100000000)
  region size 1024K, 21 young (21504K), 11 survivors (11264K)
 Metaspace       used 129979K, committed 130944K, reserved 1163264K
  class space    used 16766K, committed 17216K, reserved 1048576K
}
Event: 167.548 GC heap after
{Heap after GC invocations=80 (full 0):
 garbage-first heap   total 437248K, used 247560K [0x0000000080000000, 0x0000000100000000)
  region size 1024K, 3 young (3072K), 3 survivors (3072K)
 Metaspace       used 129979K, committed 130944K, reserved 1163264K
  class space    used 16766K, committed 17216K, reserved 1048576K
}

