# JRE version: OpenJDK Runtime Environment (17.0.6) (build 17.0.6+0-b2043.56-9586694)
# Java VM: OpenJDK 64-Bit Server VM (17.0.6+0-b2043.56-9586694, mixed mode, tiered, compressed oops, compressed class ptrs, g1 gc, windows-amd64)
GC Precious Log:
 CPUs: 8 total, 8 available
 Memory: 14273M
 Large Page Support: Disabled
 NUMA Support: Disabled
 Compressed Oops: Enabled (32-bit)
 Heap Region Size: 1M
 Heap Min Capacity: 8M
 Heap Initial Capacity: 224M
 Heap Max Capacity: 2G
 Pre-touch: Disabled
 Parallel Workers: 8
 Concurrent Workers: 2
 Concurrent Refinement Workers: 8
 Periodic GC: Disabled
Heap:
 garbage-first heap   total 480256K, used 263283K [0x0000000080000000, 0x0000000100000000)
  region size 1024K, 16 young (16384K), 16 survivors (16384K)
 Metaspace       used 113513K, committed 114176K, reserved 1155072K
  class space    used 14961K, committed 15296K, reserved 1048576K
GC Heap History (20 events):
Event: 43.956 GC heap after
{Heap after GC invocations=89 (full 0):
 garbage-first heap   total 480256K, used 235572K [0x0000000080000000, 0x0000000100000000)
  region size 1024K, 14 young (14336K), 14 survivors (14336K)
 Metaspace       used 113285K, committed 113984K, reserved 1155072K
  class space    used 14940K, committed 15296K, reserved 1048576K
}
Event: 44.312 GC heap before
{Heap before GC invocations=89 (full 0):
 garbage-first heap   total 480256K, used 416820K [0x0000000080000000, 0x0000000100000000)
  region size 1024K, 191 young (195584K), 14 survivors (14336K)
 Metaspace       used 113319K, committed 114048K, reserved 1155072K
  class space    used 14944K, committed 15296K, reserved 1048576K
}
Event: 44.324 GC heap after
{Heap after GC invocations=90 (full 0):
 garbage-first heap   total 480256K, used 239047K [0x0000000080000000, 0x0000000100000000)
  region size 1024K, 11 young (11264K), 11 survivors (11264K)
 Metaspace       used 113319K, committed 114048K, reserved 1155072K
  class space    used 14944K, committed 15296K, reserved 1048576K
}
Event: 44.575 GC heap before
{Heap before GC invocations=90 (full 0):
 garbage-first heap   total 480256K, used 416199K [0x0000000080000000, 0x0000000100000000)
  region size 1024K, 184 young (188416K), 11 survivors (11264K)
 Metaspace       used 113334K, committed 114048K, reserved 1155072K
  class space    used 14947K, committed 15296K, reserved 1048576K
}
Event: 44.584 GC heap after
{Heap after GC invocations=91 (full 0):
 garbage-first heap   total 480256K, used 240154K [0x0000000080000000, 0x0000000100000000)
  region size 1024K, 12 young (12288K), 12 survivors (12288K)
 Metaspace       used 113334K, committed 114048K, reserved 1155072K
  class space    used 14947K, committed 15296K, reserved 1048576K
}
Event: 44.863 GC heap before
{Heap before GC invocations=91 (full 0):
 garbage-first heap   total 480256K, used 417306K [0x0000000080000000, 0x0000000100000000)
  region size 1024K, 185 young (189440K), 12 survivors (12288K)
 Metaspace       used 113382K, committed 114112K, reserved 1155072K
  class space    used 14950K, committed 15296K, reserved 1048576K
}
Event: 44.872 GC heap after
{Heap after GC invocations=92 (full 0):
 garbage-first heap   total 480256K, used 239405K [0x0000000080000000, 0x0000000100000000)
  region size 1024K, 11 young (11264K), 11 survivors (11264K)
 Metaspace       used 113382K, committed 114112K, reserved 1155072K
  class space    used 14950K, committed 15296K, reserved 1048576K
}
Event: 45.157 GC heap before
{Heap before GC invocations=92 (full 0):
 garbage-first heap   total 480256K, used 419629K [0x0000000080000000, 0x0000000100000000)
  region size 1024K, 187 young (191488K), 11 survivors (11264K)
 Metaspace       used 113412K, committed 114112K, reserved 1155072K
  class space    used 14952K, committed 15296K, reserved 1048576K
}
Event: 45.166 GC heap after
{Heap after GC invocations=93 (full 0):
 garbage-first heap   total 480256K, used 240184K [0x0000000080000000, 0x0000000100000000)
  region size 1024K, 12 young (12288K), 12 survivors (12288K)
 Metaspace       used 113412K, committed 114112K, reserved 1155072K
  class space    used 14952K, committed 15296K, reserved 1048576K
}
Event: 45.524 GC heap before
{Heap before GC invocations=93 (full 0):
 garbage-first heap   total 480256K, used 418360K [0x0000000080000000, 0x0000000100000000)
  region size 1024K, 186 young (190464K), 12 survivors (12288K)
 Metaspace       used 113444K, committed 114112K, reserved 1155072K
  class space    used 14954K, committed 15296K, reserved 1048576K
}
Event: 45.534 GC heap after
{Heap after GC invocations=94 (full 0):
 garbage-first heap   total 480256K, used 241266K [0x0000000080000000, 0x0000000100000000)
  region size 1024K, 13 young (13312K), 13 survivors (13312K)
 Metaspace       used 113444K, committed 114112K, reserved 1155072K
  class space    used 14954K, committed 15296K, reserved 1048576K
}
Event: 45.842 GC heap before
{Heap before GC invocations=94 (full 0):
 garbage-first heap   total 480256K, used 416370K [0x0000000080000000, 0x0000000100000000)
  region size 1024K, 185 young (189440K), 13 survivors (13312K)
 Metaspace       used 113486K, committed 114176K, reserved 1155072K
  class space    used 14960K, committed 15296K, reserved 1048576K
}
Event: 45.855 GC heap after
{Heap after GC invocations=95 (full 0):
 garbage-first heap   total 480256K, used 241685K [0x0000000080000000, 0x0000000100000000)
  region size 1024K, 13 young (13312K), 13 survivors (13312K)
 Metaspace       used 113486K, committed 114176K, reserved 1155072K
  class space    used 14960K, committed 15296K, reserved 1048576K
}
Event: 46.127 GC heap before
{Heap before GC invocations=95 (full 0):
 garbage-first heap   total 480256K, used 416789K [0x0000000080000000, 0x0000000100000000)
  region size 1024K, 185 young (189440K), 13 survivors (13312K)
 Metaspace       used 113496K, committed 114176K, reserved 1155072K
  class space    used 14960K, committed 15296K, reserved 1048576K
}
Event: 46.138 GC heap after
{Heap after GC invocations=96 (full 0):
 garbage-first heap   total 480256K, used 243820K [0x0000000080000000, 0x0000000100000000)
  region size 1024K, 15 young (15360K), 15 survivors (15360K)
 Metaspace       used 113496K, committed 114176K, reserved 1155072K
  class space    used 14960K, committed 15296K, reserved 1048576K
}
Event: 46.356 GC heap before
{Heap before GC invocations=96 (full 0):
 garbage-first heap   total 480256K, used 414828K [0x0000000080000000, 0x0000000100000000)
  region size 1024K, 183 young (187392K), 15 survivors (15360K)
 Metaspace       used 113498K, committed 114176K, reserved 1155072K
  class space    used 14960K, committed 15296K, reserved 1048576K
}
Event: 46.372 GC heap after
{Heap after GC invocations=97 (full 0):
 garbage-first heap   total 480256K, used 252117K [0x0000000080000000, 0x0000000100000000)
  region size 1024K, 18 young (18432K), 18 survivors (18432K)
 Metaspace       used 113498K, committed 114176K, reserved 1155072K
  class space    used 14960K, committed 15296K, reserved 1048576K
}
Event: 46.620 GC heap before
{Heap before GC invocations=97 (full 0):
 garbage-first heap   total 480256K, used 411861K [0x0000000080000000, 0x0000000100000000)
  region size 1024K, 175 young (179200K), 18 survivors (18432K)
 Metaspace       used 113510K, committed 114176K, reserved 1155072K
  class space    used 14960K, committed 15296K, reserved 1048576K
}
Event: 46.637 GC heap after
{Heap after GC invocations=98 (full 0):
 garbage-first heap   total 480256K, used 258430K [0x0000000080000000, 0x0000000100000000)
  region size 1024K, 19 young (19456K), 19 survivors (19456K)
 Metaspace       used 113510K, committed 114176K, reserved 1155072K
  class space    used 14960K, committed 15296K, reserved 1048576K
}
Event: 46.906 GC heap before
{Heap before GC invocations=98 (full 0):
 garbage-first heap   total 480256K, used 412030K [0x0000000080000000, 0x0000000100000000)
  region size 1024K, 168 young (172032K), 19 survivors (19456K)
 Metaspace       used 113513K, committed 114176K, reserved 1155072K
  class space    used 14961K, committed 15296K, reserved 1048576K
}

