# JRE version: OpenJDK Runtime Environment (17.0.6) (build 17.0.6+0-b2043.56-9586694)
# Java VM: OpenJDK 64-Bit Server VM (17.0.6+0-b2043.56-9586694, mixed mode, tiered, compressed oops, compressed class ptrs, g1 gc, windows-amd64)
GC Precious Log:
 CPUs: 8 total, 8 available
 Memory: 14273M
 Large Page Support: Disabled
 NUMA Support: Disabled
 Compressed Oops: Enabled (32-bit)
 Heap Region Size: 1M
 Heap Min Capacity: 8M
 Heap Initial Capacity: 224M
 Heap Max Capacity: 2G
 Pre-touch: Disabled
 Parallel Workers: 8
 Concurrent Workers: 2
 Concurrent Refinement Workers: 8
 Periodic GC: Disabled
Heap:
 garbage-first heap   total 135168K, used 83762K [0x0000000080000000, 0x0000000100000000)
  region size 1024K, 4 young (4096K), 2 survivors (2048K)
 Metaspace       used 87777K, committed 88384K, reserved 1130496K
  class space    used 11721K, committed 12032K, reserved 1048576K
GC Heap History (20 events):
Event: 19.772 GC heap before
{Heap before GC invocations=34 (full 0):
 garbage-first heap   total 122880K, used 63203K [0x0000000080000000, 0x0000000100000000)
  region size 1024K, 6 young (6144K), 2 survivors (2048K)
 Metaspace       used 70002K, committed 70528K, reserved 1114112K
  class space    used 9155K, committed 9408K, reserved 1048576K
}
Event: 19.775 GC heap after
{Heap after GC invocations=35 (full 0):
 garbage-first heap   total 122880K, used 59481K [0x0000000080000000, 0x0000000100000000)
  region size 1024K, 1 young (1024K), 1 survivors (1024K)
 Metaspace       used 70002K, committed 70528K, reserved 1114112K
  class space    used 9155K, committed 9408K, reserved 1048576K
}
Event: 21.446 GC heap before
{Heap before GC invocations=35 (full 0):
 garbage-first heap   total 122880K, used 97369K [0x0000000080000000, 0x0000000100000000)
  region size 1024K, 38 young (38912K), 1 survivors (1024K)
 Metaspace       used 73983K, committed 74496K, reserved 1114112K
  class space    used 9809K, committed 10048K, reserved 1048576K
}
Event: 21.452 GC heap after
{Heap after GC invocations=36 (full 0):
 garbage-first heap   total 122880K, used 62299K [0x0000000080000000, 0x0000000100000000)
  region size 1024K, 3 young (3072K), 3 survivors (3072K)
 Metaspace       used 73983K, committed 74496K, reserved 1114112K
  class space    used 9809K, committed 10048K, reserved 1048576K
}
Event: 22.796 GC heap before
{Heap before GC invocations=37 (full 0):
 garbage-first heap   total 122880K, used 99163K [0x0000000080000000, 0x0000000100000000)
  region size 1024K, 39 young (39936K), 3 survivors (3072K)
 Metaspace       used 79154K, committed 79680K, reserved 1122304K
  class space    used 10552K, committed 10752K, reserved 1048576K
}
Event: 22.802 GC heap after
{Heap after GC invocations=38 (full 0):
 garbage-first heap   total 122880K, used 64736K [0x0000000080000000, 0x0000000100000000)
  region size 1024K, 3 young (3072K), 3 survivors (3072K)
 Metaspace       used 79154K, committed 79680K, reserved 1122304K
  class space    used 10552K, committed 10752K, reserved 1048576K
}
Event: 23.727 GC heap before
{Heap before GC invocations=38 (full 0):
 garbage-first heap   total 122880K, used 100576K [0x0000000080000000, 0x0000000100000000)
  region size 1024K, 38 young (38912K), 3 survivors (3072K)
 Metaspace       used 80434K, committed 80960K, reserved 1122304K
  class space    used 10719K, committed 10944K, reserved 1048576K
}
Event: 23.734 GC heap after
{Heap after GC invocations=39 (full 0):
 garbage-first heap   total 122880K, used 69739K [0x0000000080000000, 0x0000000100000000)
  region size 1024K, 5 young (5120K), 5 survivors (5120K)
 Metaspace       used 80434K, committed 80960K, reserved 1122304K
  class space    used 10719K, committed 10944K, reserved 1048576K
}
Event: 24.439 GC heap before
{Heap before GC invocations=40 (full 0):
 garbage-first heap   total 122880K, used 99435K [0x0000000080000000, 0x0000000100000000)
  region size 1024K, 34 young (34816K), 5 survivors (5120K)
 Metaspace       used 82182K, committed 82752K, reserved 1122304K
  class space    used 10891K, committed 11200K, reserved 1048576K
}
Event: 24.450 GC heap after
{Heap after GC invocations=41 (full 0):
 garbage-first heap   total 122880K, used 75499K [0x0000000080000000, 0x0000000100000000)
  region size 1024K, 5 young (5120K), 5 survivors (5120K)
 Metaspace       used 82182K, committed 82752K, reserved 1122304K
  class space    used 10891K, committed 11200K, reserved 1048576K
}
Event: 24.482 GC heap before
{Heap before GC invocations=41 (full 0):
 garbage-first heap   total 122880K, used 76523K [0x0000000080000000, 0x0000000100000000)
  region size 1024K, 6 young (6144K), 5 survivors (5120K)
 Metaspace       used 82323K, committed 82880K, reserved 1122304K
  class space    used 10917K, committed 11200K, reserved 1048576K
}
Event: 24.487 GC heap after
{Heap after GC invocations=42 (full 0):
 garbage-first heap   total 122880K, used 75948K [0x0000000080000000, 0x0000000100000000)
  region size 1024K, 1 young (1024K), 1 survivors (1024K)
 Metaspace       used 82323K, committed 82880K, reserved 1122304K
  class space    used 10917K, committed 11200K, reserved 1048576K
}
Event: 26.012 GC heap before
{Heap before GC invocations=42 (full 0):
 garbage-first heap   total 122880K, used 98476K [0x0000000080000000, 0x0000000100000000)
  region size 1024K, 24 young (24576K), 1 survivors (1024K)
 Metaspace       used 83971K, committed 84544K, reserved 1122304K
  class space    used 11207K, committed 11456K, reserved 1048576K
}
Event: 26.018 GC heap after
{Heap after GC invocations=43 (full 0):
 garbage-first heap   total 122880K, used 78031K [0x0000000080000000, 0x0000000100000000)
  region size 1024K, 3 young (3072K), 3 survivors (3072K)
 Metaspace       used 83971K, committed 84544K, reserved 1122304K
  class space    used 11207K, committed 11456K, reserved 1048576K
}
Event: 26.899 GC heap before
{Heap before GC invocations=44 (full 0):
 garbage-first heap   total 135168K, used 99535K [0x0000000080000000, 0x0000000100000000)
  region size 1024K, 25 young (25600K), 3 survivors (3072K)
 Metaspace       used 84145K, committed 84736K, reserved 1122304K
  class space    used 11211K, committed 11520K, reserved 1048576K
}
Event: 26.904 GC heap after
{Heap after GC invocations=45 (full 0):
 garbage-first heap   total 135168K, used 79145K [0x0000000080000000, 0x0000000100000000)
  region size 1024K, 2 young (2048K), 2 survivors (2048K)
 Metaspace       used 84145K, committed 84736K, reserved 1122304K
  class space    used 11211K, committed 11520K, reserved 1048576K
}
Event: 27.646 GC heap before
{Heap before GC invocations=45 (full 0):
 garbage-first heap   total 135168K, used 107817K [0x0000000080000000, 0x0000000100000000)
  region size 1024K, 31 young (31744K), 2 survivors (2048K)
 Metaspace       used 84494K, committed 85056K, reserved 1130496K
  class space    used 11244K, committed 11520K, reserved 1048576K
}
Event: 27.650 GC heap after
{Heap after GC invocations=46 (full 0):
 garbage-first heap   total 135168K, used 81175K [0x0000000080000000, 0x0000000100000000)
  region size 1024K, 4 young (4096K), 4 survivors (4096K)
 Metaspace       used 84494K, committed 85056K, reserved 1130496K
  class space    used 11244K, committed 11520K, reserved 1048576K
}
Event: 28.727 GC heap before
{Heap before GC invocations=46 (full 0):
 garbage-first heap   total 135168K, used 108823K [0x0000000080000000, 0x0000000100000000)
  region size 1024K, 32 young (32768K), 4 survivors (4096K)
 Metaspace       used 87579K, committed 88128K, reserved 1130496K
  class space    used 11686K, committed 11968K, reserved 1048576K
}
Event: 28.734 GC heap after
{Heap after GC invocations=47 (full 0):
 garbage-first heap   total 135168K, used 82738K [0x0000000080000000, 0x0000000100000000)
  region size 1024K, 2 young (2048K), 2 survivors (2048K)
 Metaspace       used 87579K, committed 88128K, reserved 1130496K
  class space    used 11686K, committed 11968K, reserved 1048576K
}

