# JRE version: OpenJDK Runtime Environment (17.0.6) (build 17.0.6+0-b2043.56-9586694)
# Java VM: OpenJDK 64-Bit Server VM (17.0.6+0-b2043.56-9586694, mixed mode, tiered, compressed oops, compressed class ptrs, g1 gc, windows-amd64)
GC Precious Log:
 CPUs: 8 total, 8 available
 Memory: 14273M
 Large Page Support: Disabled
 NUMA Support: Disabled
 Compressed Oops: Enabled (32-bit)
 Heap Region Size: 1M
 Heap Min Capacity: 8M
 Heap Initial Capacity: 224M
 Heap Max Capacity: 2G
 Pre-touch: Disabled
 Parallel Workers: 8
 Concurrent Workers: 2
 Concurrent Refinement Workers: 8
 Periodic GC: Disabled
Heap:
 garbage-first heap   total 408576K, used 265420K [0x0000000080000000, 0x0000000100000000)
  region size 1024K, 61 young (62464K), 5 survivors (5120K)
 Metaspace       used 108819K, committed 109504K, reserved 1146880K
  class space    used 14566K, committed 14912K, reserved 1048576K
GC Heap History (20 events):
Event: 74.531 GC heap before
{Heap before GC invocations=75 (full 0):
 garbage-first heap   total 275456K, used 239327K [0x0000000080000000, 0x0000000100000000)
  region size 1024K, 89 young (91136K), 5 survivors (5120K)
 Metaspace       used 108696K, committed 109312K, reserved 1146880K
  class space    used 14551K, committed 14848K, reserved 1048576K
}
Event: 74.537 GC heap after
{Heap after GC invocations=76 (full 0):
 garbage-first heap   total 275456K, used 155680K [0x0000000080000000, 0x0000000100000000)
  region size 1024K, 7 young (7168K), 7 survivors (7168K)
 Metaspace       used 108696K, committed 109312K, reserved 1146880K
  class space    used 14551K, committed 14848K, reserved 1048576K
}
Event: 74.802 GC heap before
{Heap before GC invocations=76 (full 0):
 garbage-first heap   total 275456K, used 239648K [0x0000000080000000, 0x0000000100000000)
  region size 1024K, 88 young (90112K), 7 survivors (7168K)
 Metaspace       used 108730K, committed 109376K, reserved 1146880K
  class space    used 14559K, committed 14912K, reserved 1048576K
}
Event: 74.809 GC heap after
{Heap after GC invocations=77 (full 0):
 garbage-first heap   total 275456K, used 164128K [0x0000000080000000, 0x0000000100000000)
  region size 1024K, 11 young (11264K), 11 survivors (11264K)
 Metaspace       used 108730K, committed 109376K, reserved 1146880K
  class space    used 14559K, committed 14912K, reserved 1048576K
}
Event: 75.059 GC heap before
{Heap before GC invocations=77 (full 0):
 garbage-first heap   total 275456K, used 230688K [0x0000000080000000, 0x0000000100000000)
  region size 1024K, 77 young (78848K), 11 survivors (11264K)
 Metaspace       used 108732K, committed 109376K, reserved 1146880K
  class space    used 14559K, committed 14912K, reserved 1048576K
}
Event: 75.070 GC heap after
{Heap after GC invocations=78 (full 0):
 garbage-first heap   total 275456K, used 170015K [0x0000000080000000, 0x0000000100000000)
  region size 1024K, 10 young (10240K), 10 survivors (10240K)
 Metaspace       used 108732K, committed 109376K, reserved 1146880K
  class space    used 14559K, committed 14912K, reserved 1048576K
}
Event: 75.226 GC heap before
{Heap before GC invocations=78 (full 0):
 garbage-first heap   total 275456K, used 228383K [0x0000000080000000, 0x0000000100000000)
  region size 1024K, 67 young (68608K), 10 survivors (10240K)
 Metaspace       used 108736K, committed 109440K, reserved 1146880K
  class space    used 14559K, committed 14912K, reserved 1048576K
}
Event: 75.237 GC heap after
{Heap after GC invocations=79 (full 0):
 garbage-first heap   total 275456K, used 176233K [0x0000000080000000, 0x0000000100000000)
  region size 1024K, 8 young (8192K), 8 survivors (8192K)
 Metaspace       used 108736K, committed 109440K, reserved 1146880K
  class space    used 14559K, committed 14912K, reserved 1048576K
}
Event: 75.344 GC heap before
{Heap before GC invocations=79 (full 0):
 garbage-first heap   total 275456K, used 229481K [0x0000000080000000, 0x0000000100000000)
  region size 1024K, 60 young (61440K), 8 survivors (8192K)
 Metaspace       used 108740K, committed 109440K, reserved 1146880K
  class space    used 14559K, committed 14912K, reserved 1048576K
}
Event: 75.355 GC heap after
{Heap after GC invocations=80 (full 0):
 garbage-first heap   total 275456K, used 182993K [0x0000000080000000, 0x0000000100000000)
  region size 1024K, 8 young (8192K), 8 survivors (8192K)
 Metaspace       used 108740K, committed 109440K, reserved 1146880K
  class space    used 14559K, committed 14912K, reserved 1048576K
}
Event: 75.521 GC heap before
{Heap before GC invocations=80 (full 0):
 garbage-first heap   total 275456K, used 229073K [0x0000000080000000, 0x0000000100000000)
  region size 1024K, 53 young (54272K), 8 survivors (8192K)
 Metaspace       used 108746K, committed 109440K, reserved 1146880K
  class space    used 14559K, committed 14912K, reserved 1048576K
}
Event: 75.534 GC heap after
{Heap after GC invocations=81 (full 0):
 garbage-first heap   total 408576K, used 189808K [0x0000000080000000, 0x0000000100000000)
  region size 1024K, 7 young (7168K), 7 survivors (7168K)
 Metaspace       used 108746K, committed 109440K, reserved 1146880K
  class space    used 14559K, committed 14912K, reserved 1048576K
}
Event: 76.243 GC heap before
{Heap before GC invocations=81 (full 0):
 garbage-first heap   total 408576K, used 320880K [0x0000000080000000, 0x0000000100000000)
  region size 1024K, 135 young (138240K), 7 survivors (7168K)
 Metaspace       used 108766K, committed 109440K, reserved 1146880K
  class space    used 14561K, committed 14912K, reserved 1048576K
}
Event: 76.262 GC heap after
{Heap after GC invocations=82 (full 0):
 garbage-first heap   total 408576K, used 204599K [0x0000000080000000, 0x0000000100000000)
  region size 1024K, 17 young (17408K), 17 survivors (17408K)
 Metaspace       used 108766K, committed 109440K, reserved 1146880K
  class space    used 14561K, committed 14912K, reserved 1048576K
}
Event: 77.268 GC heap before
{Heap before GC invocations=82 (full 0):
 garbage-first heap   total 408576K, used 322359K [0x0000000080000000, 0x0000000100000000)
  region size 1024K, 132 young (135168K), 17 survivors (17408K)
 Metaspace       used 108786K, committed 109440K, reserved 1146880K
  class space    used 14563K, committed 14912K, reserved 1048576K
}
Event: 77.284 GC heap after
{Heap after GC invocations=83 (full 0):
 garbage-first heap   total 408576K, used 208605K [0x0000000080000000, 0x0000000100000000)
  region size 1024K, 4 young (4096K), 4 survivors (4096K)
 Metaspace       used 108786K, committed 109440K, reserved 1146880K
  class space    used 14563K, committed 14912K, reserved 1048576K
}
Event: 78.648 GC heap before
{Heap before GC invocations=83 (full 0):
 garbage-first heap   total 408576K, used 329437K [0x0000000080000000, 0x0000000100000000)
  region size 1024K, 122 young (124928K), 4 survivors (4096K)
 Metaspace       used 108803K, committed 109504K, reserved 1146880K
  class space    used 14563K, committed 14912K, reserved 1048576K
}
Event: 78.655 GC heap after
{Heap after GC invocations=84 (full 0):
 garbage-first heap   total 408576K, used 208586K [0x0000000080000000, 0x0000000100000000)
  region size 1024K, 4 young (4096K), 4 survivors (4096K)
 Metaspace       used 108803K, committed 109504K, reserved 1146880K
  class space    used 14563K, committed 14912K, reserved 1048576K
}
Event: 80.528 GC heap before
{Heap before GC invocations=84 (full 0):
 garbage-first heap   total 408576K, used 336586K [0x0000000080000000, 0x0000000100000000)
  region size 1024K, 129 young (132096K), 4 survivors (4096K)
 Metaspace       used 108813K, committed 109504K, reserved 1146880K
  class space    used 14564K, committed 14912K, reserved 1048576K
}
Event: 80.534 GC heap after
{Heap after GC invocations=85 (full 0):
 garbage-first heap   total 408576K, used 209100K [0x0000000080000000, 0x0000000100000000)
  region size 1024K, 5 young (5120K), 5 survivors (5120K)
 Metaspace       used 108813K, committed 109504K, reserved 1146880K
  class space    used 14564K, committed 14912K, reserved 1048576K
}

