# JRE version: OpenJDK Runtime Environment (17.0.6) (build 17.0.6+0-b2043.56-9586694)
# Java VM: OpenJDK 64-Bit Server VM (17.0.6+0-b2043.56-9586694, mixed mode, tiered, compressed oops, compressed class ptrs, g1 gc, windows-amd64)
GC Precious Log:
 CPUs: 8 total, 8 available
 Memory: 14273M
 Large Page Support: Disabled
 NUMA Support: Disabled
 Compressed Oops: Enabled (32-bit)
 Heap Region Size: 1M
 Heap Min Capacity: 8M
 Heap Initial Capacity: 224M
 Heap Max Capacity: 2G
 Pre-touch: Disabled
 Parallel Workers: 8
 Concurrent Workers: 2
 Concurrent Refinement Workers: 8
 Periodic GC: Disabled
Heap:
 garbage-first heap   total 116736K, used 90498K [0x0000000080000000, 0x0000000100000000)
  region size 1024K, 33 young (33792K), 3 survivors (3072K)
 Metaspace       used 66195K, committed 66688K, reserved 1114112K
  class space    used 8555K, committed 8768K, reserved 1048576K
GC Heap History (20 events):
Event: 8.769 GC heap before
{Heap before GC invocations=14 (full 0):
 garbage-first heap   total 65536K, used 35952K [0x0000000080000000, 0x0000000100000000)
  region size 1024K, 3 young (3072K), 2 survivors (2048K)
 Metaspace       used 40947K, committed 41280K, reserved 1089536K
  class space    used 5321K, committed 5504K, reserved 1048576K
}
Event: 8.772 GC heap after
{Heap after GC invocations=15 (full 0):
 garbage-first heap   total 65536K, used 34482K [0x0000000080000000, 0x0000000100000000)
  region size 1024K, 1 young (1024K), 1 survivors (1024K)
 Metaspace       used 40947K, committed 41280K, reserved 1089536K
  class space    used 5321K, committed 5504K, reserved 1048576K
}
Event: 9.332 GC heap before
{Heap before GC invocations=15 (full 0):
 garbage-first heap   total 65536K, used 49842K [0x0000000080000000, 0x0000000100000000)
  region size 1024K, 16 young (16384K), 1 survivors (1024K)
 Metaspace       used 43235K, committed 43648K, reserved 1089536K
  class space    used 5685K, committed 5888K, reserved 1048576K
}
Event: 9.336 GC heap after
{Heap after GC invocations=16 (full 0):
 garbage-first heap   total 65536K, used 35266K [0x0000000080000000, 0x0000000100000000)
  region size 1024K, 1 young (1024K), 1 survivors (1024K)
 Metaspace       used 43235K, committed 43648K, reserved 1089536K
  class space    used 5685K, committed 5888K, reserved 1048576K
}
Event: 9.410 GC heap before
{Heap before GC invocations=17 (full 0):
 garbage-first heap   total 65536K, used 36290K [0x0000000080000000, 0x0000000100000000)
  region size 1024K, 4 young (4096K), 1 survivors (1024K)
 Metaspace       used 43562K, committed 43968K, reserved 1089536K
  class space    used 5712K, committed 5888K, reserved 1048576K
}
Event: 9.412 GC heap after
{Heap after GC invocations=18 (full 0):
 garbage-first heap   total 65536K, used 35785K [0x0000000080000000, 0x0000000100000000)
  region size 1024K, 2 young (2048K), 2 survivors (2048K)
 Metaspace       used 43562K, committed 43968K, reserved 1089536K
  class space    used 5712K, committed 5888K, reserved 1048576K
}
Event: 10.048 GC heap before
{Heap before GC invocations=19 (full 0):
 garbage-first heap   total 65536K, used 52169K [0x0000000080000000, 0x0000000100000000)
  region size 1024K, 18 young (18432K), 2 survivors (2048K)
 Metaspace       used 46194K, committed 46592K, reserved 1089536K
  class space    used 6036K, committed 6208K, reserved 1048576K
}
Event: 10.051 GC heap after
{Heap after GC invocations=20 (full 0):
 garbage-first heap   total 65536K, used 36247K [0x0000000080000000, 0x0000000100000000)
  region size 1024K, 2 young (2048K), 2 survivors (2048K)
 Metaspace       used 46194K, committed 46592K, reserved 1089536K
  class space    used 6036K, committed 6208K, reserved 1048576K
}
Event: 10.834 GC heap before
{Heap before GC invocations=20 (full 0):
 garbage-first heap   total 65536K, used 52631K [0x0000000080000000, 0x0000000100000000)
  region size 1024K, 18 young (18432K), 2 survivors (2048K)
 Metaspace       used 48135K, committed 48512K, reserved 1097728K
  class space    used 6310K, committed 6464K, reserved 1048576K
}
Event: 10.839 GC heap after
{Heap after GC invocations=21 (full 0):
 garbage-first heap   total 65536K, used 37796K [0x0000000080000000, 0x0000000100000000)
  region size 1024K, 3 young (3072K), 3 survivors (3072K)
 Metaspace       used 48135K, committed 48512K, reserved 1097728K
  class space    used 6310K, committed 6464K, reserved 1048576K
}
Event: 11.347 GC heap before
{Heap before GC invocations=22 (full 0):
 garbage-first heap   total 66560K, used 52132K [0x0000000080000000, 0x0000000100000000)
  region size 1024K, 17 young (17408K), 3 survivors (3072K)
 Metaspace       used 48731K, committed 49088K, reserved 1097728K
  class space    used 6380K, committed 6528K, reserved 1048576K
}
Event: 11.352 GC heap after
{Heap after GC invocations=23 (full 0):
 garbage-first heap   total 66560K, used 39420K [0x0000000080000000, 0x0000000100000000)
  region size 1024K, 3 young (3072K), 3 survivors (3072K)
 Metaspace       used 48731K, committed 49088K, reserved 1097728K
  class space    used 6380K, committed 6528K, reserved 1048576K
}
Event: 11.857 GC heap before
{Heap before GC invocations=23 (full 0):
 garbage-first heap   total 66560K, used 50684K [0x0000000080000000, 0x0000000100000000)
  region size 1024K, 16 young (16384K), 3 survivors (3072K)
 Metaspace       used 49116K, committed 49536K, reserved 1097728K
  class space    used 6415K, committed 6592K, reserved 1048576K
}
Event: 11.861 GC heap after
{Heap after GC invocations=24 (full 0):
 garbage-first heap   total 116736K, used 40460K [0x0000000080000000, 0x0000000100000000)
  region size 1024K, 2 young (2048K), 2 survivors (2048K)
 Metaspace       used 49116K, committed 49536K, reserved 1097728K
  class space    used 6415K, committed 6592K, reserved 1048576K
}
Event: 13.785 GC heap before
{Heap before GC invocations=24 (full 0):
 garbage-first heap   total 116736K, used 92684K [0x0000000080000000, 0x0000000100000000)
  region size 1024K, 49 young (50176K), 2 survivors (2048K)
 Metaspace       used 55202K, committed 55680K, reserved 1097728K
  class space    used 7223K, committed 7424K, reserved 1048576K
}
Event: 13.790 GC heap after
{Heap after GC invocations=25 (full 0):
 garbage-first heap   total 116736K, used 53248K [0x0000000080000000, 0x0000000100000000)
  region size 1024K, 7 young (7168K), 7 survivors (7168K)
 Metaspace       used 55202K, committed 55680K, reserved 1097728K
  class space    used 7223K, committed 7424K, reserved 1048576K
}
Event: 14.897 GC heap before
{Heap before GC invocations=25 (full 0):
 garbage-first heap   total 116736K, used 91136K [0x0000000080000000, 0x0000000100000000)
  region size 1024K, 45 young (46080K), 7 survivors (7168K)
 Metaspace       used 62145K, committed 62720K, reserved 1105920K
  class space    used 8035K, committed 8320K, reserved 1048576K
}
Event: 14.904 GC heap after
{Heap after GC invocations=26 (full 0):
 garbage-first heap   total 116736K, used 59287K [0x0000000080000000, 0x0000000100000000)
  region size 1024K, 6 young (6144K), 6 survivors (6144K)
 Metaspace       used 62145K, committed 62720K, reserved 1105920K
  class space    used 8035K, committed 8320K, reserved 1048576K
}
Event: 15.885 GC heap before
{Heap before GC invocations=26 (full 0):
 garbage-first heap   total 116736K, used 90007K [0x0000000080000000, 0x0000000100000000)
  region size 1024K, 37 young (37888K), 6 survivors (6144K)
 Metaspace       used 65436K, committed 65984K, reserved 1114112K
  class space    used 8425K, committed 8640K, reserved 1048576K
}
Event: 15.890 GC heap after
{Heap after GC invocations=27 (full 0):
 garbage-first heap   total 116736K, used 59778K [0x0000000080000000, 0x0000000100000000)
  region size 1024K, 3 young (3072K), 3 survivors (3072K)
 Metaspace       used 65436K, committed 65984K, reserved 1114112K
  class space    used 8425K, committed 8640K, reserved 1048576K
}

